[2024-12-21 15:18:40,990] 225 werkzeug - WARNING -  * Debugger is active!
[2024-12-21 15:18:40,990] 225 werkzeug - INFO -  * Debugger PIN: 105-097-143
[2024-12-21 15:18:41,115] 225 werkzeug - INFO -  * Detected change in 'C:\\Python311\\Lib\\site-packages\\proto\\fields.py', reloading
[2024-12-21 15:18:41,131] 225 werkzeug - WARNING -  * Running on all addresses.
   WARNING: This is a development server. Do not use it in a production deployment.
[2024-12-21 15:18:41,131] 225 werkzeug - INFO -  * Running on http://192.168.162.212:8080/ (Press CTRL+C to quit)
[2024-12-21 15:18:41,146] 225 werkzeug - INFO -  * Detected change in 'C:\\Python311\\Lib\\site-packages\\proto\\marshal\\__init__.py', reloading
[2024-12-21 15:18:41,162] 225 werkzeug - INFO -  * Detected change in 'C:\\Python311\\Lib\\site-packages\\proto\\marshal\\marshal.py', reloading
[2024-12-21 15:18:41,178] 225 werkzeug - INFO -  * Detected change in 'C:\\Python311\\Lib\\site-packages\\proto\\message.py', reloading
[2024-12-21 15:18:41,178] 225 werkzeug - INFO -  * Detected change in 'C:\\Python311\\Lib\\site-packages\\proto\\modules.py', reloading
[2024-12-21 15:18:41,193] 225 werkzeug - INFO -  * Detected change in 'C:\\Python311\\Lib\\site-packages\\proto\\version.py', reloading
[2024-12-21 15:18:41,209] 225 werkzeug - INFO -  * Detected change in 'C:\\Python311\\Lib\\site-packages\\pure_eval\\__init__.py', reloading
[2024-12-21 15:18:41,224] 225 werkzeug - INFO -  * Detected change in 'C:\\Python311\\Lib\\site-packages\\pvporcupine\\__init__.py', reloading
[2024-12-21 15:18:41,240] 225 werkzeug - INFO -  * Detected change in 'C:\\Python311\\Lib\\site-packages\\pyarrow\\__init__.py', reloading
[2024-12-21 15:18:41,256] 225 werkzeug - INFO -  * Detected change in 'C:\\Python311\\Lib\\site-packages\\pyasn1_modules\\__init__.py', reloading
[2024-12-21 15:18:41,256] 225 werkzeug - INFO -  * Detected change in 'C:\\Python311\\Lib\\site-packages\\pycparser\\__init__.py', reloading
[2024-12-21 15:18:41,271] 225 werkzeug - INFO -  * Detected change in 'C:\\Python311\\Lib\\site-packages\\pydantic\\__init__.py', reloading
[2024-12-21 15:18:41,287] 225 werkzeug - INFO -  * Detected change in 'C:\\Python311\\Lib\\site-packages\\pydantic\\errors.py', reloading
[2024-12-21 15:18:41,318] 225 werkzeug - INFO -  * Detected change in 'C:\\Python311\\Lib\\site-packages\\pydantic\\main.py', reloading
[2024-12-21 15:18:41,334] 225 werkzeug - INFO -  * Detected change in 'C:\\Python311\\Lib\\site-packages\\pydantic\\networks.py', reloading
[2024-12-21 15:18:41,349] 225 werkzeug - INFO -  * Detected change in 'C:\\Python311\\Lib\\site-packages\\pydantic\\tools.py', reloading
[2024-12-21 15:18:41,381] 225 werkzeug - INFO -  * Detected change in 'C:\\Python311\\Lib\\site-packages\\pydantic\\types.py', reloading
[2024-12-21 15:18:41,396] 225 werkzeug - INFO -  * Detected change in 'C:\\Python311\\Lib\\site-packages\\pydantic\\annotated_types.py', reloading
[2024-12-21 15:18:41,428] 225 werkzeug - INFO -  * Detected change in 'C:\\Python311\\Lib\\site-packages\\pydantic\\class_validators.py', reloading
[2024-12-21 15:18:41,443] 225 werkzeug - INFO -  * Detected change in 'C:\\Python311\\Lib\\site-packages\\pydantic\\config.py', reloading
[2024-12-21 15:18:41,459] 225 werkzeug - INFO -  * Detected change in 'C:\\Python311\\Lib\\site-packages\\pydantic\\decorator.py', reloading
[2024-12-21 15:18:41,474] 225 werkzeug - INFO -  * Detected change in 'C:\\Python311\\Lib\\site-packages\\pydantic\\env_settings.py', reloading
[2024-12-21 15:18:41,490] 225 werkzeug - INFO -  * Detected change in 'C:\\Python311\\Lib\\site-packages\\pydantic\\error_wrappers.py', reloading
[2024-12-21 15:18:41,506] 225 werkzeug - INFO -  * Detected change in 'C:\\Python311\\Lib\\site-packages\\pydantic\\fields.py', reloading
[2024-12-21 15:18:41,521] 225 werkzeug - INFO -  * Detected change in 'C:\\Python311\\Lib\\site-packages\\pydantic\\parse.py', reloading
[2024-12-21 15:18:41,537] 225 werkzeug - INFO -  * Detected change in 'C:\\Python311\\Lib\\site-packages\\pydantic\\version.py', reloading
[2024-12-21 15:18:41,553] 225 werkzeug - INFO -  * Detected change in 'C:\\Python311\\Lib\\site-packages\\pydantic_core\\__init__.py', reloading
[2024-12-21 15:18:41,615] 225 werkzeug - INFO -  * Detected change in 'C:\\Python311\\Lib\\site-packages\\pydantic_core\\core_schema.py', reloading
[2024-12-21 15:18:41,631] 225 werkzeug - INFO -  * Detected change in 'C:\\Python311\\Lib\\site-packages\\pydeck\\__init__.py', reloading
[2024-12-21 15:18:41,646] 225 werkzeug - INFO -  * Detected change in 'C:\\Python311\\Lib\\site-packages\\pydub\\__init__.py', reloading
[2024-12-21 15:18:41,662] 225 werkzeug - INFO -  * Detected change in 'C:\\Python311\\Lib\\site-packages\\pydyf\\__init__.py', reloading
[2024-12-21 15:18:41,865] 225 werkzeug - INFO -  * Detected change in 'C:\\Python311\\Lib\\site-packages\\pygetwindow\\__init__.py', reloading
[2024-12-21 15:18:41,881] 225 werkzeug - INFO -  * Detected change in 'C:\\Python311\\Lib\\site-packages\\pyjokes\\__init__.py', reloading
[2024-12-21 15:18:41,896] 225 werkzeug - INFO -  * Detected change in 'C:\\Python311\\Lib\\site-packages\\pymongo\\__init__.py', reloading
[2024-12-21 15:18:41,912] 225 werkzeug - INFO -  * Detected change in 'C:\\Python311\\Lib\\site-packages\\pymongo\\_version.py', reloading
[2024-12-21 15:18:41,943] 225 werkzeug - INFO -  * Detected change in 'C:\\Python311\\Lib\\site-packages\\pymongo\\collection.py', reloading
[2024-12-21 15:18:41,974] 225 werkzeug - INFO -  * Detected change in 'C:\\Python311\\Lib\\site-packages\\pymongo\\common.py', reloading
[2024-12-21 15:18:42,006] 225 werkzeug - INFO -  * Detected change in 'C:\\Python311\\Lib\\site-packages\\pymongo\\cursor.py', reloading
[2024-12-21 15:18:42,037] 225 werkzeug - INFO -  * Detected change in 'C:\\Python311\\Lib\\site-packages\\pymongo\\mongo_client.py', reloading
[2024-12-21 15:18:42,068] 225 werkzeug - INFO -  * Detected change in 'C:\\Python311\\Lib\\site-packages\\pymongo\\operations.py', reloading
[2024-12-21 15:18:42,084] 225 werkzeug - INFO -  * Detected change in 'C:\\Python311\\Lib\\site-packages\\pymongo\\read_preferences.py', reloading
[2024-12-21 15:18:42,115] 225 werkzeug - INFO -  * Detected change in 'C:\\Python311\\Lib\\site-packages\\pymongo\\write_concern.py', reloading
[2024-12-21 15:18:42,131] 225 werkzeug - INFO -  * Detected change in 'C:\\Python311\\Lib\\site-packages\\pymsgbox\\__init__.py', reloading
[2024-12-21 15:18:42,193] 225 werkzeug - INFO -  * Detected change in 'C:\\Python311\\Lib\\site-packages\\pymupdf\\__init__.py', reloading
[2024-12-21 15:18:42,209] 225 werkzeug - INFO -  * Detected change in 'C:\\Python311\\Lib\\site-packages\\pyowm\\__init__.py', reloading
